build/app/intermediates/manifest_merge_blame_file/release/manifest-merger-blame-release-report.txt
1<?xml version="1.0" encoding="utf-8"?>
2<manifest xmlns:android="http://schemas.android.com/apk/res/android"
3    package="com.sensedigital.vamos"
4    android:versionCode="3000"
5    android:versionName="1.0.0" >
6
7    <uses-sdk
8        android:minSdkVersion="21"
8-->src\main\AndroidManifest.xml
9        android:targetSdkVersion="33" />
9-->src\main\AndroidManifest.xml
10
11    <uses-permission android:name="android.permission.INTERNET" />
11-->src\main\AndroidManifest.xml:4:5-67
11-->src\main\AndroidManifest.xml:4:22-64
12    <uses-permission android:name="android.permission.ACCESS_FINE_LOCATION" />
12-->src\main\AndroidManifest.xml:5:5-79
12-->src\main\AndroidManifest.xml:5:22-76
13    <uses-permission android:name="android.permission.ACCESS_COARSE_LOCATION" />
13-->src\main\AndroidManifest.xml:6:5-81
13-->src\main\AndroidManifest.xml:6:22-78
14    <uses-permission android:name="android.permission.ACCESS_NETWORK_STATE" />
14-->src\main\AndroidManifest.xml:7:5-79
14-->src\main\AndroidManifest.xml:7:22-76
15    <uses-permission android:name="android.permission.WAKE_LOCK" />
15-->src\main\AndroidManifest.xml:8:5-68
15-->src\main\AndroidManifest.xml:8:22-65
16    <uses-permission android:name="android.permission.FOREGROUND_SERVICE" />
16-->src\main\AndroidManifest.xml:9:5-77
16-->src\main\AndroidManifest.xml:9:22-74
17
18    <!-- Use for showing notification -->
19    <uses-permission android:name="android.permission.POST_NOTIFICATIONS" />
19-->src\main\AndroidManifest.xml:12:5-76
19-->src\main\AndroidManifest.xml:12:22-74
20
21    <!-- Use for take photo and photo gallery feature -->
22    <uses-permission android:name="android.permission.CAMERA" />
22-->src\main\AndroidManifest.xml:16:5-65
22-->src\main\AndroidManifest.xml:16:22-62
23    <uses-permission
23-->src\main\AndroidManifest.xml:17:5-80
24        android:name="android.permission.READ_EXTERNAL_STORAGE"
24-->src\main\AndroidManifest.xml:17:22-77
25        android:maxSdkVersion="32" />
25-->[:photo_manager] AndroidManifest.xml:11:9-35
26
27    <!-- Use for printer POS feature -->
28    <!-- <uses-permission android:name="android.permission.BLUETOOTH" /> -->
29    <!-- <uses-permission android:name="android.permission.BLUETOOTH_ADMIN" /> -->
30
31
32    <!-- Use for SmartChat feature -->
33    <queries>
33-->src\main\AndroidManifest.xml:24:5-67:15
34        <provider android:authorities="com.facebook.katana.provider.PlatformProvider" />
34-->src\main\AndroidManifest.xml:25:9-89
34-->src\main\AndroidManifest.xml:25:19-86
35
36        <intent>
36-->src\main\AndroidManifest.xml:27:9-30:18
37            <action android:name="android.intent.action.VIEW" />
37-->src\main\AndroidManifest.xml:28:13-65
37-->src\main\AndroidManifest.xml:28:21-62
38
39            <data android:scheme="https" />
39-->src\main\AndroidManifest.xml:29:19-41
40        </intent>
41        <intent>
41-->src\main\AndroidManifest.xml:31:9-34:18
42            <action android:name="android.intent.action.DIAL" />
42-->src\main\AndroidManifest.xml:32:13-65
42-->src\main\AndroidManifest.xml:32:21-62
43
44            <data android:scheme="tel" />
44-->src\main\AndroidManifest.xml:29:19-41
45        </intent>
46        <intent>
46-->src\main\AndroidManifest.xml:35:9-38:18
47            <action android:name="android.intent.action.SENDTO" />
47-->src\main\AndroidManifest.xml:36:13-67
47-->src\main\AndroidManifest.xml:36:21-64
48
49            <data android:scheme="smsto" />
49-->src\main\AndroidManifest.xml:29:19-41
50        </intent>
51        <intent>
51-->src\main\AndroidManifest.xml:39:9-42:18
52            <action android:name="android.intent.action.SEND" />
52-->src\main\AndroidManifest.xml:40:13-65
52-->src\main\AndroidManifest.xml:40:21-62
53
54            <data android:mimeType="*/*" />
54-->src\main\AndroidManifest.xml:41:19-41
55        </intent>
56        <intent>
56-->src\main\AndroidManifest.xml:43:9-46:18
57            <action android:name="android.intent.action.VIEW" />
57-->src\main\AndroidManifest.xml:28:13-65
57-->src\main\AndroidManifest.xml:28:21-62
58
59            <data android:scheme="whatsapp" />
59-->src\main\AndroidManifest.xml:29:19-41
60        </intent>
61        <intent>
61-->src\main\AndroidManifest.xml:47:9-50:18
62            <action android:name="android.intent.action.VIEW" />
62-->src\main\AndroidManifest.xml:28:13-65
62-->src\main\AndroidManifest.xml:28:21-62
63
64            <data android:scheme="instagram" />
64-->src\main\AndroidManifest.xml:29:19-41
65        </intent>
66        <intent>
66-->src\main\AndroidManifest.xml:51:9-54:18
67            <action android:name="android.intent.action.VIEW" />
67-->src\main\AndroidManifest.xml:28:13-65
67-->src\main\AndroidManifest.xml:28:21-62
68
69            <data android:scheme="instagram-stories" />
69-->src\main\AndroidManifest.xml:29:19-41
70        </intent>
71        <intent>
71-->src\main\AndroidManifest.xml:55:9-58:18
72            <action android:name="android.intent.action.VIEW" />
72-->src\main\AndroidManifest.xml:28:13-65
72-->src\main\AndroidManifest.xml:28:21-62
73
74            <data android:scheme="twitter" />
74-->src\main\AndroidManifest.xml:29:19-41
75        </intent>
76        <intent>
76-->src\main\AndroidManifest.xml:59:9-62:18
77            <action android:name="android.intent.action.VIEW" />
77-->src\main\AndroidManifest.xml:28:13-65
77-->src\main\AndroidManifest.xml:28:21-62
78
79            <data android:scheme="fb" />
79-->src\main\AndroidManifest.xml:29:19-41
80        </intent>
81        <intent>
81-->src\main\AndroidManifest.xml:63:9-66:18
82            <action android:name="android.intent.action.VIEW" />
82-->src\main\AndroidManifest.xml:28:13-65
82-->src\main\AndroidManifest.xml:28:21-62
83
84            <data android:scheme="tg" />
84-->src\main\AndroidManifest.xml:29:19-41
85        </intent>
86        <intent>
86-->[:file_picker] AndroidManifest.xml:12:9-16:18
87            <action android:name="android.intent.action.GET_CONTENT" />
87-->[:file_picker] AndroidManifest.xml:13:13-72
87-->[:file_picker] AndroidManifest.xml:13:21-69
88
89            <data android:mimeType="*/*" />
89-->src\main\AndroidManifest.xml:41:19-41
90        </intent>
91        <intent>
91-->[:flutter_inappwebview] AndroidManifest.xml:10:9-12:18
92            <action android:name="android.support.customtabs.action.CustomTabsService" />
92-->[:flutter_inappwebview] AndroidManifest.xml:11:13-90
92-->[:flutter_inappwebview] AndroidManifest.xml:11:21-87
93        </intent>
94        <intent>
94-->[com.razorpay:checkout:1.6.29] AndroidManifest.xml:13:9-19:18
95            <action android:name="android.intent.action.VIEW" />
95-->src\main\AndroidManifest.xml:28:13-65
95-->src\main\AndroidManifest.xml:28:21-62
96
97            <data
98                android:mimeType="*/*"
98-->src\main\AndroidManifest.xml:41:19-41
99                android:scheme="*" />
99-->src\main\AndroidManifest.xml:29:19-41
100        </intent>
101        <intent>
101-->[com.razorpay:checkout:1.6.29] AndroidManifest.xml:20:9-29:18
102            <action android:name="android.intent.action.VIEW" />
102-->src\main\AndroidManifest.xml:28:13-65
102-->src\main\AndroidManifest.xml:28:21-62
103
104            <category android:name="android.intent.category.BROWSABLE" />
104-->src\main\AndroidManifest.xml:112:17-78
104-->src\main\AndroidManifest.xml:112:27-75
105
106            <data
107                android:host="pay"
107-->src\main\AndroidManifest.xml:115:21-52
108                android:mimeType="*/*"
108-->src\main\AndroidManifest.xml:41:19-41
109                android:scheme="upi" />
109-->src\main\AndroidManifest.xml:29:19-41
110        </intent>
111        <intent>
111-->[com.razorpay:checkout:1.6.29] AndroidManifest.xml:30:9-32:18
112            <action android:name="android.intent.action.MAIN" />
112-->src\main\AndroidManifest.xml:96:17-69
112-->src\main\AndroidManifest.xml:96:25-66
113        </intent>
114        <intent>
114-->[com.razorpay:checkout:1.6.29] AndroidManifest.xml:38:9-40:18
115            <action android:name="rzp.device_token.share" />
115-->[com.razorpay:checkout:1.6.29] AndroidManifest.xml:39:13-61
115-->[com.razorpay:checkout:1.6.29] AndroidManifest.xml:39:21-58
116        </intent> <!-- Needs to be explicitly declared on Android R+ -->
117        <package android:name="com.google.android.apps.maps" /> <!-- Specific apps you interact with, eg: -->
117-->[com.google.android.gms:play-services-maps:18.0.2] AndroidManifest.xml:33:9-64
117-->[com.google.android.gms:play-services-maps:18.0.2] AndroidManifest.xml:33:18-61
118        <package android:name="com.paytm.pgsdk.TransactionManager.PAYTM_APP_PACKAGE" />
118-->[com.paytm.appinvokesdk:appinvokesdk:1.6.11] AndroidManifest.xml:12:9-88
118-->[com.paytm.appinvokesdk:appinvokesdk:1.6.11] AndroidManifest.xml:12:18-85
119        <package android:name="com.facebook.katana" /> <!-- For browser content -->
119-->[com.facebook.android:facebook-common:15.0.2] AndroidManifest.xml:30:9-55
119-->[com.facebook.android:facebook-common:15.0.2] AndroidManifest.xml:30:18-52
120        <intent>
120-->[com.google.android.gms:play-services-ads-lite:21.2.0] AndroidManifest.xml:31:9-37:18
121            <action android:name="android.intent.action.VIEW" />
121-->src\main\AndroidManifest.xml:28:13-65
121-->src\main\AndroidManifest.xml:28:21-62
122
123            <category android:name="android.intent.category.BROWSABLE" />
123-->src\main\AndroidManifest.xml:112:17-78
123-->src\main\AndroidManifest.xml:112:27-75
124
125            <data android:scheme="https" />
125-->src\main\AndroidManifest.xml:29:19-41
126        </intent>
127    </queries>
128
129    <uses-permission android:name="android.permission.RECEIVE_BOOT_COMPLETED" />
129-->[:flutter_local_notifications] AndroidManifest.xml:9:5-81
129-->[:flutter_local_notifications] AndroidManifest.xml:9:22-78
130    <uses-permission android:name="android.permission.VIBRATE" />
130-->[:flutter_local_notifications] AndroidManifest.xml:10:5-66
130-->[:flutter_local_notifications] AndroidManifest.xml:10:22-63
131    <uses-permission android:name="android.permission.USE_FULL_SCREEN_INTENT" />
131-->[:flutter_local_notifications] AndroidManifest.xml:11:5-81
131-->[:flutter_local_notifications] AndroidManifest.xml:11:22-78
132    <uses-permission android:name="android.permission.SCHEDULE_EXACT_ALARM" /> <!-- Create a unique permission for your app and use it so only your app can receive your OneSignal messages. -->
132-->[:flutter_local_notifications] AndroidManifest.xml:12:5-79
132-->[:flutter_local_notifications] AndroidManifest.xml:12:22-76
133    <permission
133-->[com.onesignal:OneSignal:4.8.2] AndroidManifest.xml:7:5-9:47
134        android:name="com.sensedigital.vamos.permission.C2D_MESSAGE"
134-->[com.onesignal:OneSignal:4.8.2] AndroidManifest.xml:8:9-63
135        android:protectionLevel="signature" />
135-->[com.onesignal:OneSignal:4.8.2] AndroidManifest.xml:9:9-44
136
137    <uses-permission android:name="com.sensedigital.vamos.permission.C2D_MESSAGE" /> <!-- c2dm RECEIVE are basic requirements for push messages through Google's FCM -->
137-->[com.onesignal:OneSignal:4.8.2] AndroidManifest.xml:11:5-79
137-->[com.onesignal:OneSignal:4.8.2] AndroidManifest.xml:11:22-76
138    <uses-permission android:name="com.google.android.c2dm.permission.RECEIVE" /> <!-- START: ShortcutBadger -->
138-->[com.onesignal:OneSignal:4.8.2] AndroidManifest.xml:18:5-82
138-->[com.onesignal:OneSignal:4.8.2] AndroidManifest.xml:18:22-79
139    <!-- Samsung -->
140    <uses-permission android:name="com.sec.android.provider.badge.permission.READ" />
140-->[com.onesignal:OneSignal:4.8.2] AndroidManifest.xml:32:5-86
140-->[com.onesignal:OneSignal:4.8.2] AndroidManifest.xml:32:22-83
141    <uses-permission android:name="com.sec.android.provider.badge.permission.WRITE" /> <!-- HTC -->
141-->[com.onesignal:OneSignal:4.8.2] AndroidManifest.xml:33:5-87
141-->[com.onesignal:OneSignal:4.8.2] AndroidManifest.xml:33:22-84
142    <uses-permission android:name="com.htc.launcher.permission.READ_SETTINGS" />
142-->[com.onesignal:OneSignal:4.8.2] AndroidManifest.xml:34:5-81
142-->[com.onesignal:OneSignal:4.8.2] AndroidManifest.xml:34:22-78
143    <uses-permission android:name="com.htc.launcher.permission.UPDATE_SHORTCUT" /> <!-- Sony -->
143-->[com.onesignal:OneSignal:4.8.2] AndroidManifest.xml:35:5-83
143-->[com.onesignal:OneSignal:4.8.2] AndroidManifest.xml:35:22-80
144    <uses-permission android:name="com.sonyericsson.home.permission.BROADCAST_BADGE" />
144-->[com.onesignal:OneSignal:4.8.2] AndroidManifest.xml:36:5-88
144-->[com.onesignal:OneSignal:4.8.2] AndroidManifest.xml:36:22-85
145    <uses-permission android:name="com.sonymobile.home.permission.PROVIDER_INSERT_BADGE" /> <!-- Apex -->
145-->[com.onesignal:OneSignal:4.8.2] AndroidManifest.xml:37:5-92
145-->[com.onesignal:OneSignal:4.8.2] AndroidManifest.xml:37:22-89
146    <uses-permission android:name="com.anddoes.launcher.permission.UPDATE_COUNT" /> <!-- Solid -->
146-->[com.onesignal:OneSignal:4.8.2] AndroidManifest.xml:38:5-84
146-->[com.onesignal:OneSignal:4.8.2] AndroidManifest.xml:38:22-81
147    <uses-permission android:name="com.majeur.launcher.permission.UPDATE_BADGE" /> <!-- Huawei -->
147-->[com.onesignal:OneSignal:4.8.2] AndroidManifest.xml:39:5-83
147-->[com.onesignal:OneSignal:4.8.2] AndroidManifest.xml:39:22-80
148    <uses-permission android:name="com.huawei.android.launcher.permission.CHANGE_BADGE" />
148-->[com.onesignal:OneSignal:4.8.2] AndroidManifest.xml:40:5-91
148-->[com.onesignal:OneSignal:4.8.2] AndroidManifest.xml:40:22-88
149    <uses-permission android:name="com.huawei.android.launcher.permission.READ_SETTINGS" />
149-->[com.onesignal:OneSignal:4.8.2] AndroidManifest.xml:41:5-92
149-->[com.onesignal:OneSignal:4.8.2] AndroidManifest.xml:41:22-89
150    <uses-permission android:name="com.huawei.android.launcher.permission.WRITE_SETTINGS" /> <!-- ZUK -->
150-->[com.onesignal:OneSignal:4.8.2] AndroidManifest.xml:42:5-93
150-->[com.onesignal:OneSignal:4.8.2] AndroidManifest.xml:42:22-90
151    <uses-permission android:name="android.permission.READ_APP_BADGE" /> <!-- OPPO -->
151-->[com.onesignal:OneSignal:4.8.2] AndroidManifest.xml:43:5-73
151-->[com.onesignal:OneSignal:4.8.2] AndroidManifest.xml:43:22-70
152    <uses-permission android:name="com.oppo.launcher.permission.READ_SETTINGS" />
152-->[com.onesignal:OneSignal:4.8.2] AndroidManifest.xml:44:5-82
152-->[com.onesignal:OneSignal:4.8.2] AndroidManifest.xml:44:22-79
153    <uses-permission android:name="com.oppo.launcher.permission.WRITE_SETTINGS" /> <!-- EvMe -->
153-->[com.onesignal:OneSignal:4.8.2] AndroidManifest.xml:45:5-83
153-->[com.onesignal:OneSignal:4.8.2] AndroidManifest.xml:45:22-80
154    <uses-permission android:name="me.everything.badger.permission.BADGE_COUNT_READ" />
154-->[com.onesignal:OneSignal:4.8.2] AndroidManifest.xml:46:5-88
154-->[com.onesignal:OneSignal:4.8.2] AndroidManifest.xml:46:22-85
155    <uses-permission android:name="me.everything.badger.permission.BADGE_COUNT_WRITE" />
155-->[com.onesignal:OneSignal:4.8.2] AndroidManifest.xml:47:5-89
155-->[com.onesignal:OneSignal:4.8.2] AndroidManifest.xml:47:22-86
156
157    <uses-feature
157-->[com.google.android.gms:play-services-maps:18.0.2] AndroidManifest.xml:26:5-28:35
158        android:glEsVersion="0x00020000"
158-->[com.google.android.gms:play-services-maps:18.0.2] AndroidManifest.xml:27:9-41
159        android:required="true" />
159-->[com.google.android.gms:play-services-maps:18.0.2] AndroidManifest.xml:28:9-32
160
161    <uses-permission android:name="android.permission.READ_PHONE_STATE" />
161-->[com.paytm.easypay:easypay-appinvoke:1.7.4] AndroidManifest.xml:10:5-75
161-->[com.paytm.easypay:easypay-appinvoke:1.7.4] AndroidManifest.xml:10:22-72
162    <uses-permission android:name="com.google.android.gms.permission.AD_ID" />
162-->[com.google.android.gms:play-services-measurement-api:21.2.0] AndroidManifest.xml:25:5-79
162-->[com.google.android.gms:play-services-measurement-api:21.2.0] AndroidManifest.xml:25:22-76
163    <uses-permission android:name="com.google.android.finsky.permission.BIND_GET_INSTALL_REFERRER_SERVICE" /> <!-- Don't require camera, as this requires a rear camera. This allows it to work on the Nexus 7 -->
163-->[com.google.android.gms:play-services-measurement:21.2.0] AndroidManifest.xml:26:5-110
163-->[com.google.android.gms:play-services-measurement:21.2.0] AndroidManifest.xml:26:22-107
164    <uses-feature
164-->[com.journeyapps:zxing-android-embedded:4.3.0] AndroidManifest.xml:25:5-27:36
165        android:name="android.hardware.camera"
165-->[com.journeyapps:zxing-android-embedded:4.3.0] AndroidManifest.xml:26:9-47
166        android:required="false" />
166-->[com.journeyapps:zxing-android-embedded:4.3.0] AndroidManifest.xml:27:9-33
167    <uses-feature
167-->[com.journeyapps:zxing-android-embedded:4.3.0] AndroidManifest.xml:28:5-30:36
168        android:name="android.hardware.camera.front"
168-->[com.journeyapps:zxing-android-embedded:4.3.0] AndroidManifest.xml:29:9-53
169        android:required="false" /> <!-- TODO replace above two with next line after Android 4.2 -->
169-->[com.journeyapps:zxing-android-embedded:4.3.0] AndroidManifest.xml:30:9-33
170    <!-- <uses-feature android:name="android.hardware.camera.any"/> -->
171    <uses-feature
171-->[com.journeyapps:zxing-android-embedded:4.3.0] AndroidManifest.xml:33:5-35:36
172        android:name="android.hardware.camera.autofocus"
172-->[com.journeyapps:zxing-android-embedded:4.3.0] AndroidManifest.xml:34:9-57
173        android:required="false" />
173-->[com.journeyapps:zxing-android-embedded:4.3.0] AndroidManifest.xml:35:9-33
174    <uses-feature
174-->[com.journeyapps:zxing-android-embedded:4.3.0] AndroidManifest.xml:36:5-38:36
175        android:name="android.hardware.camera.flash"
175-->[com.journeyapps:zxing-android-embedded:4.3.0] AndroidManifest.xml:37:9-53
176        android:required="false" />
176-->[com.journeyapps:zxing-android-embedded:4.3.0] AndroidManifest.xml:38:9-33
177    <uses-feature
177-->[com.journeyapps:zxing-android-embedded:4.3.0] AndroidManifest.xml:39:5-41:36
178        android:name="android.hardware.screen.landscape"
178-->[com.journeyapps:zxing-android-embedded:4.3.0] AndroidManifest.xml:40:9-57
179        android:required="false" />
179-->[com.journeyapps:zxing-android-embedded:4.3.0] AndroidManifest.xml:41:9-33
180    <uses-feature
180-->[com.journeyapps:zxing-android-embedded:4.3.0] AndroidManifest.xml:42:5-44:36
181        android:name="android.hardware.wifi"
181-->[com.journeyapps:zxing-android-embedded:4.3.0] AndroidManifest.xml:43:9-45
182        android:required="false" />
182-->[com.journeyapps:zxing-android-embedded:4.3.0] AndroidManifest.xml:44:9-33
183
184    <application
185        android:name="android.app.Application"
185-->src\main\AndroidManifest.xml:70:9-42
186        android:appComponentFactory="androidx.core.app.CoreComponentFactory"
186-->[androidx.core:core:1.8.0] AndroidManifest.xml:24:18-86
187        android:fullBackupContent="@xml/backup_rules"
187-->src\main\AndroidManifest.xml:74:9-54
188        android:icon="@mipmap/launcher_icon"
188-->src\main\AndroidManifest.xml:71:9-45
189        android:label="Vamos"
189-->src\main\AndroidManifest.xml:72:9-35
190        android:requestLegacyExternalStorage="true"
190-->src\main\AndroidManifest.xml:73:9-52
191        android:supportsRtl="true"
191-->[com.facebook.android:facebook-login:15.0.2] AndroidManifest.xml:28:18-44
192        android:usesCleartextTraffic="true" >
192-->src\main\AndroidManifest.xml:75:9-44
193        <activity
193-->src\main\AndroidManifest.xml:78:9-130:20
194            android:name="com.sensedigital.vamos.MainActivity"
194-->src\main\AndroidManifest.xml:79:13-41
195            android:configChanges="orientation|keyboardHidden|keyboard|screenSize|smallestScreenSize|locale|layoutDirection|fontScale|screenLayout|density|uiMode"
195-->src\main\AndroidManifest.xml:80:13-163
196            android:exported="true"
196-->src\main\AndroidManifest.xml:81:13-36
197            android:hardwareAccelerated="true"
197-->src\main\AndroidManifest.xml:82:13-47
198            android:launchMode="singleTop"
198-->src\main\AndroidManifest.xml:83:13-43
199            android:theme="@style/LaunchTheme"
199-->src\main\AndroidManifest.xml:84:13-47
200            android:windowSoftInputMode="adjustResize" >
200-->src\main\AndroidManifest.xml:85:13-55
201
202            <!--
203                 Specifies an Android theme to apply to this Activity as soon as
204                 the Android process has started. This theme is visible to the user
205                 while the Flutter UI initializes. After that, this theme continues
206                 to determine the Window background behind the Flutter UI.
207            -->
208            <meta-data
208-->src\main\AndroidManifest.xml:91:13-93:57
209                android:name="io.flutter.embedding.android.NormalTheme"
209-->src\main\AndroidManifest.xml:92:17-72
210                android:resource="@style/NormalTheme" />
210-->src\main\AndroidManifest.xml:93:17-54
211
212            <intent-filter>
212-->src\main\AndroidManifest.xml:95:13-98:29
213                <action android:name="android.intent.action.MAIN" />
213-->src\main\AndroidManifest.xml:96:17-69
213-->src\main\AndroidManifest.xml:96:25-66
214
215                <category android:name="android.intent.category.LAUNCHER" />
215-->src\main\AndroidManifest.xml:97:17-77
215-->src\main\AndroidManifest.xml:97:27-74
216            </intent-filter>
217            <intent-filter>
217-->src\main\AndroidManifest.xml:99:13-102:29
218                <action android:name="FLUTTER_NOTIFICATION_CLICK" />
218-->src\main\AndroidManifest.xml:100:17-69
218-->src\main\AndroidManifest.xml:100:25-66
219
220                <category android:name="android.intent.category.DEFAULT" />
220-->src\main\AndroidManifest.xml:101:17-76
220-->src\main\AndroidManifest.xml:101:27-73
221            </intent-filter>
222
223            <meta-data
224                android:name="default-url"
224-->src\main\AndroidManifest.xml:105:17-43
225                android:value="https://vamos.com.ec" />
225-->src\main\AndroidManifest.xml:106:17-46
226
227            <intent-filter android:autoVerify="true" >
227-->src\main\AndroidManifest.xml:108:13-118:29
227-->src\main\AndroidManifest.xml:108:28-53
228                <action android:name="android.intent.action.VIEW" />
228-->src\main\AndroidManifest.xml:28:13-65
228-->src\main\AndroidManifest.xml:28:21-62
229
230                <category android:name="android.intent.category.DEFAULT" />
230-->src\main\AndroidManifest.xml:101:17-76
230-->src\main\AndroidManifest.xml:101:27-73
231                <category android:name="android.intent.category.BROWSABLE" />
231-->src\main\AndroidManifest.xml:112:17-78
231-->src\main\AndroidManifest.xml:112:27-75
232
233                <data
234                    android:host="inspireui.com"
234-->src\main\AndroidManifest.xml:115:21-52
235                    android:scheme="https" />
235-->src\main\AndroidManifest.xml:29:19-41
236                <data android:scheme="http" />
236-->src\main\AndroidManifest.xml:29:19-41
237            </intent-filter>
238            <intent-filter>
238-->src\main\AndroidManifest.xml:120:13-129:29
239                <action android:name="android.intent.action.VIEW" />
239-->src\main\AndroidManifest.xml:28:13-65
239-->src\main\AndroidManifest.xml:28:21-62
240
241                <category android:name="android.intent.category.DEFAULT" />
241-->src\main\AndroidManifest.xml:101:17-76
241-->src\main\AndroidManifest.xml:101:27-73
242                <category android:name="android.intent.category.BROWSABLE" />
242-->src\main\AndroidManifest.xml:112:17-78
242-->src\main\AndroidManifest.xml:112:27-75
243
244                <data
245                    android:host="inspireui.com"
245-->src\main\AndroidManifest.xml:115:21-52
246                    android:scheme="fluxstore" />
246-->src\main\AndroidManifest.xml:29:19-41
247            </intent-filter>
248        </activity>
249
250        <meta-data
250-->src\main\AndroidManifest.xml:132:9-134:36
251            android:name="com.google.android.gms.wallet.api.enabled"
251-->src\main\AndroidManifest.xml:133:13-69
252            android:value="true" />
252-->src\main\AndroidManifest.xml:134:13-33
253        <meta-data
253-->src\main\AndroidManifest.xml:136:9-138:71
254            android:name="com.google.firebase.messaging.default_notification_channel_id"
254-->src\main\AndroidManifest.xml:137:13-89
255            android:value="@string/default_notification_channel_id" />
255-->src\main\AndroidManifest.xml:138:13-68
256        <meta-data
256-->src\main\AndroidManifest.xml:140:9-142:49
257            android:name="com.google.firebase.messaging.default_notification_icon"
257-->src\main\AndroidManifest.xml:141:13-83
258            android:resource="@drawable/logo" />
258-->src\main\AndroidManifest.xml:142:13-46
259        <!--
260             Set color used with incoming notification messages. This is used when no color is set for the incoming
261            notification message. See README(https://goo.gl/6BKBk7) for more.
262        -->
263        <meta-data
263-->src\main\AndroidManifest.xml:145:9-147:51
264            android:name="com.google.firebase.messaging.default_notification_color"
264-->src\main\AndroidManifest.xml:146:13-84
265            android:resource="@color/notiColor" />
265-->src\main\AndroidManifest.xml:147:13-48
266        <!-- Google map and Admod setup -->
267        <meta-data
268            android:name="com.google.android.geo.API_KEY"
268-->src\main\AndroidManifest.xml:150:13-58
269            android:value="AIzaSyDn9k7vvdxbJgDgjpCFRXJOdLilbGfVlNA" />
269-->src\main\AndroidManifest.xml:151:13-51
270        <meta-data
271            android:name="com.google.android.gms.ads.APPLICATION_ID"
271-->src\main\AndroidManifest.xml:153:13-69
272            android:value="ca-app-pub-7432665165146018~2664444130" />
272-->src\main\AndroidManifest.xml:154:13-49
273
274        <!-- Facebook Login configuration -->
275        <meta-data
275-->src\main\AndroidManifest.xml:157:9-159:53
276            android:name="com.facebook.sdk.ApplicationId"
276-->src\main\AndroidManifest.xml:158:13-58
277            android:value="@string/facebookAppId" />
277-->src\main\AndroidManifest.xml:159:13-50
278        <meta-data
279            android:name="com.facebook.sdk.ClientToken"
279-->src\main\AndroidManifest.xml:162:13-56
280            android:value="9def0493cb40104fa311ee9e1086d264" />
280-->src\main\AndroidManifest.xml:163:13-51
281        <meta-data
282            android:name="com.inspireui.ENVATO_PURCHASE_CODE"
282-->src\main\AndroidManifest.xml:166:17-66
283            android:value="ebdbd98b-2f7c-4843-aa75-dc48f3076a45" />
283-->src\main\AndroidManifest.xml:167:17-54
284
285        <!-- Enable to support Audio Feature -->
286        <!-- <service -->
287        <!-- android:name="com.ryanheise.audioservice.AudioService" -->
288        <!-- android:exported="true"> -->
289        <!-- <intent-filter> -->
290        <!-- <action android:name="android.media.browse.MediaBrowserService" /> -->
291        <!-- </intent-filter> -->
292        <!-- </service> -->
293
294
295        <!-- <receiver -->
296        <!-- android:name="com.ryanheise.audioservice.MediaButtonReceiver" -->
297        <!-- android:exported="true"> -->
298        <!-- <intent-filter> -->
299        <!-- <action android:name="android.intent.action.MEDIA_BUTTON" /> -->
300        <!-- </intent-filter> -->
301        <!-- </receiver> -->
302
303
304        <!--
305             Don't delete the meta-data below.
306             This is used by the Flutter tool to generate GeneratedPluginRegistrant.java
307        -->
308        <meta-data
308-->src\main\AndroidManifest.xml:188:9-190:33
309            android:name="flutterEmbedding"
309-->src\main\AndroidManifest.xml:189:13-44
310            android:value="2" />
310-->src\main\AndroidManifest.xml:190:13-30
311
312        <service
312-->[:firebase_messaging] AndroidManifest.xml:16:9-19:72
313            android:name="io.flutter.plugins.firebase.messaging.FlutterFirebaseMessagingBackgroundService"
313-->[:firebase_messaging] AndroidManifest.xml:17:13-107
314            android:exported="false"
314-->[:firebase_messaging] AndroidManifest.xml:18:13-37
315            android:permission="android.permission.BIND_JOB_SERVICE" />
315-->[:firebase_messaging] AndroidManifest.xml:19:13-69
316        <service
316-->[:firebase_messaging] AndroidManifest.xml:20:9-26:19
317            android:name="io.flutter.plugins.firebase.messaging.FlutterFirebaseMessagingService"
317-->[:firebase_messaging] AndroidManifest.xml:21:13-97
318            android:exported="false" >
318-->[:firebase_messaging] AndroidManifest.xml:22:13-37
319            <intent-filter>
319-->[:firebase_messaging] AndroidManifest.xml:23:13-25:29
320                <action android:name="com.google.firebase.MESSAGING_EVENT" />
320-->[:firebase_messaging] AndroidManifest.xml:24:17-78
320-->[:firebase_messaging] AndroidManifest.xml:24:25-75
321            </intent-filter>
322        </service>
323
324        <receiver
324-->[:firebase_messaging] AndroidManifest.xml:28:9-35:20
325            android:name="io.flutter.plugins.firebase.messaging.FlutterFirebaseMessagingReceiver"
325-->[:firebase_messaging] AndroidManifest.xml:29:13-98
326            android:exported="true"
326-->[:firebase_messaging] AndroidManifest.xml:30:13-36
327            android:permission="com.google.android.c2dm.permission.SEND" >
327-->[:firebase_messaging] AndroidManifest.xml:31:13-73
328            <intent-filter>
328-->[:firebase_messaging] AndroidManifest.xml:32:13-34:29
329                <action android:name="com.google.android.c2dm.intent.RECEIVE" />
329-->[:firebase_messaging] AndroidManifest.xml:33:17-81